0 info it worked if it ends with ok
1 verbose cli [ '/usr/local/bin/node', '/usr/local/bin/npm', 'start' ]
2 info using npm@3.10.5
3 info using node@v4.1.1
4 verbose run-script [ 'prestart', 'start', 'poststart' ]
5 info lifecycle cookies@1.0.0~prestart: cookies@1.0.0
6 silly lifecycle cookies@1.0.0~prestart: no script for prestart, continuing
7 info lifecycle cookies@1.0.0~start: cookies@1.0.0
8 verbose lifecycle cookies@1.0.0~start: unsafe-perm in lifecycle true
9 verbose lifecycle cookies@1.0.0~start: PATH: /usr/local/lib/node_modules/npm/bin/node-gyp-bin:/Users/ludo/cookies/cookies_client/node_modules/.bin:/usr/local/bin:/Applications/MAMP/bin/php/php5.6.10/bin/:/Users/ludo/.rvm/gems/ruby-2.2.3/bin:/Users/ludo/.rvm/gems/ruby-2.2.3@global/bin:/Users/ludo/.rvm/rubies/ruby-2.2.3/bin:/Library/Frameworks/Python.framework/Versions/3.5/bin:/usr/bin:/bin:/usr/sbin:/sbin:/usr/local/bin:/usr/local/go/bin:/usr/local/lib/node_modules:/Users/ludo/.composer/vendor/bin:/Users/ludo/.rvm/gems/ruby-2.2.3@global/bin:/Users/ludo/.rvm/rubies/ruby-2.2.3/bin:/Users/ludo/.rvm/bin:/usr/bin:/bin:/usr/sbin:/sbin:/usr/local/bin:/opt/local/bin:/opt/local/sbin:/Users/ludo/go/Library/Frameworks/Python.framework/Versions/3.5/bin:/usr/bin:/bin:/usr/sbin:/sbin:/usr/local/bin:/usr/local/go/bin:/Users/ludo/.rvm/bin
10 verbose lifecycle cookies@1.0.0~start: CWD: /Users/ludo/cookies/cookies_client
11 silly lifecycle cookies@1.0.0~start: Args: [ '-c', 'webpack-dev-server --inline' ]
12 silly lifecycle cookies@1.0.0~start: Returned: code: 1  signal: null
13 info lifecycle cookies@1.0.0~start: Failed to exec start script
14 verbose stack Error: cookies@1.0.0 start: `webpack-dev-server --inline`
14 verbose stack Exit status 1
14 verbose stack     at EventEmitter.<anonymous> (/usr/local/lib/node_modules/npm/lib/utils/lifecycle.js:242:16)
14 verbose stack     at emitTwo (events.js:87:13)
14 verbose stack     at EventEmitter.emit (events.js:172:7)
14 verbose stack     at ChildProcess.<anonymous> (/usr/local/lib/node_modules/npm/lib/utils/spawn.js:40:14)
14 verbose stack     at emitTwo (events.js:87:13)
14 verbose stack     at ChildProcess.emit (events.js:172:7)
14 verbose stack     at maybeClose (internal/child_process.js:817:16)
14 verbose stack     at Process.ChildProcess._handle.onexit (internal/child_process.js:211:5)
15 verbose pkgid cookies@1.0.0
16 verbose cwd /Users/ludo/cookies/cookies_client
17 error Darwin 15.0.0
18 error argv "/usr/local/bin/node" "/usr/local/bin/npm" "start"
19 error node v4.1.1
20 error npm  v3.10.5
21 error code ELIFECYCLE
22 error cookies@1.0.0 start: `webpack-dev-server --inline`
22 error Exit status 1
23 error Failed at the cookies@1.0.0 start script 'webpack-dev-server --inline'.
23 error Make sure you have the latest version of node.js and npm installed.
23 error If you do, this is most likely a problem with the cookies package,
23 error not with npm itself.
23 error Tell the author that this fails on your system:
23 error     webpack-dev-server --inline
23 error You can get information on how to open an issue for this project with:
23 error     npm bugs cookies
23 error Or if that isn't available, you can get their info via:
23 error     npm owner ls cookies
23 error There is likely additional logging output above.
24 verbose exit [ 1, true ]
